<?xml version="1.0" encoding="UTF-8"?>
<!-- Generated by org.testng.reporters.JUnitXMLReporter -->
<testsuite hostname="LAPTOP-8PIQVS4A" name="Test" tests="4" failures="1" timestamp="8 Nov 2019 21:58:26 GMT" time="53.366" errors="0">
  <testcase name="basePageNavigation" time="10.299" classname="com.mycompany.app.HomePage"/>
  <testcase name="basePageNavigation" time="4.87" classname="com.mycompany.app.HomePage"/>
  <testcase name="basePageNavigationBar" time="0.141" classname="com.mycompany.app.ValidateNavigationBar"/>
  <testcase name="basePageNavigation" time="0.075" classname="com.mycompany.app.ValidateTitle">
    <failure type="java.lang.AssertionError" message="expected [Featured Courses] but found [FEATURED COURSES]">
      <![CDATA[java.lang.AssertionError: expected [Featured Courses] but found [FEATURED COURSES]
	at com.mycompany.app.ValidateTitle.basePageNavigation(ValidateTitle.java:25)
... Removed 29 stack frames]]>
    </failure>
  </testcase> <!-- basePageNavigation -->
</testsuite> <!-- Test -->
