<?xml version="1.0" encoding="UTF-8"?>
<testng-results skipped="0" failed="0" total="4" passed="4">
  <reporter-output>
  </reporter-output>
  <suite name="Suite" duration-ms="48737" started-at="2019-11-12T17:09:21Z" finished-at="2019-11-12T17:10:10Z">
    <groups>
    </groups>
    <test name="Test1" duration-ms="22685" started-at="2019-11-12T17:09:21Z" finished-at="2019-11-12T17:09:43Z">
      <class name="com.mycompany.app.HomePage">
        <test-method status="PASS" signature="initialize()[pri:0, instance:com.mycompany.app.HomePage@52feb982]" name="initialize" is-config="true" duration-ms="10330" started-at="2019-11-12T18:09:21Z" finished-at="2019-11-12T18:09:31Z">
          <reporter-output>
          </reporter-output>
        </test-method> <!-- initialize -->
        <test-method status="PASS" signature="basePageNavigation(java.lang.String, java.lang.String, java.lang.String)[pri:0, instance:com.mycompany.app.HomePage@52feb982]" name="basePageNavigation" duration-ms="8301" started-at="2019-11-12T18:09:31Z" data-provider="getData" finished-at="2019-11-12T18:09:39Z">
          <params>
            <param index="0">
              <value>
                <![CDATA[nonrestricteduser@gmai.com]]>
              </value>
            </param>
            <param index="1">
              <value>
                <![CDATA[12345]]>
              </value>
            </param>
            <param index="2">
              <value>
                <![CDATA[non restricteduser]]>
              </value>
            </param>
          </params>
          <reporter-output>
          </reporter-output>
        </test-method> <!-- basePageNavigation -->
        <test-method status="PASS" signature="basePageNavigation(java.lang.String, java.lang.String, java.lang.String)[pri:0, instance:com.mycompany.app.HomePage@52feb982]" name="basePageNavigation" duration-ms="3851" started-at="2019-11-12T18:09:39Z" data-provider="getData" finished-at="2019-11-12T18:09:43Z">
          <params>
            <param index="0">
              <value>
                <![CDATA[restricteduser@gmai.com]]>
              </value>
            </param>
            <param index="1">
              <value>
                <![CDATA[12345678]]>
              </value>
            </param>
            <param index="2">
              <value>
                <![CDATA[restricted user]]>
              </value>
            </param>
          </params>
          <reporter-output>
          </reporter-output>
        </test-method> <!-- basePageNavigation -->
        <test-method status="PASS" signature="tearDown()[pri:0, instance:com.mycompany.app.HomePage@52feb982]" name="tearDown" is-config="true" duration-ms="168" started-at="2019-11-12T18:09:43Z" finished-at="2019-11-12T18:09:43Z">
          <reporter-output>
          </reporter-output>
        </test-method> <!-- tearDown -->
      </class> <!-- com.mycompany.app.HomePage -->
    </test> <!-- Test1 -->
    <test name="Test2" duration-ms="13081" started-at="2019-11-12T17:09:44Z" finished-at="2019-11-12T17:09:57Z">
      <class name="com.mycompany.app.ValidateNavigationBar">
        <test-method status="PASS" signature="initialize()[pri:0, instance:com.mycompany.app.ValidateNavigationBar@1d8d30f7]" name="initialize" is-config="true" duration-ms="12924" started-at="2019-11-12T18:09:44Z" finished-at="2019-11-12T18:09:57Z">
          <reporter-output>
          </reporter-output>
        </test-method> <!-- initialize -->
        <test-method status="PASS" signature="basePageNavigationBar()[pri:0, instance:com.mycompany.app.ValidateNavigationBar@1d8d30f7]" name="basePageNavigationBar" duration-ms="54" started-at="2019-11-12T18:09:57Z" finished-at="2019-11-12T18:09:57Z">
          <reporter-output>
          </reporter-output>
        </test-method> <!-- basePageNavigationBar -->
        <test-method status="PASS" signature="tearDown()[pri:0, instance:com.mycompany.app.ValidateNavigationBar@1d8d30f7]" name="tearDown" is-config="true" duration-ms="101" started-at="2019-11-12T18:09:57Z" finished-at="2019-11-12T18:09:57Z">
          <reporter-output>
          </reporter-output>
        </test-method> <!-- tearDown -->
      </class> <!-- com.mycompany.app.ValidateNavigationBar -->
    </test> <!-- Test2 -->
    <test name="Test3" duration-ms="12582" started-at="2019-11-12T17:09:57Z" finished-at="2019-11-12T17:10:09Z">
      <class name="com.mycompany.app.ValidateTitle">
        <test-method status="PASS" signature="initialize()[pri:0, instance:com.mycompany.app.ValidateTitle@57250572]" name="initialize" is-config="true" duration-ms="12430" started-at="2019-11-12T18:09:57Z" finished-at="2019-11-12T18:10:09Z">
          <reporter-output>
          </reporter-output>
        </test-method> <!-- initialize -->
        <test-method status="PASS" signature="basePageNavigation()[pri:0, instance:com.mycompany.app.ValidateTitle@57250572]" name="basePageNavigation" duration-ms="39" started-at="2019-11-12T18:10:09Z" finished-at="2019-11-12T18:10:09Z">
          <reporter-output>
          </reporter-output>
        </test-method> <!-- basePageNavigation -->
        <test-method status="PASS" signature="tearDown()[pri:0, instance:com.mycompany.app.ValidateTitle@57250572]" name="tearDown" is-config="true" duration-ms="113" started-at="2019-11-12T18:10:09Z" finished-at="2019-11-12T18:10:09Z">
          <reporter-output>
          </reporter-output>
        </test-method> <!-- tearDown -->
      </class> <!-- com.mycompany.app.ValidateTitle -->
    </test> <!-- Test3 -->
    <test name="Test4" duration-ms="0" started-at="2019-11-12T17:10:10Z" finished-at="2019-11-12T17:10:10Z">
    </test> <!-- Test4 -->
  </suite> <!-- Suite -->
</testng-results>
