<?xml version="1.0" encoding="UTF-8"?>
<testng-results skipped="0" failed="0" total="1" passed="1">
  <reporter-output>
  </reporter-output>
  <suite name="Default suite" duration-ms="14338" started-at="2019-11-12T10:16:01Z" finished-at="2019-11-12T10:16:16Z">
    <groups>
    </groups>
    <test name="Default test" duration-ms="14338" started-at="2019-11-12T10:16:01Z" finished-at="2019-11-12T10:16:16Z">
      <class name="com.mycompany.app.ValidateTitle">
        <test-method status="PASS" signature="initialize()[pri:0, instance:com.mycompany.app.ValidateTitle@52bf72b5]" name="initialize" is-config="true" duration-ms="14158" started-at="2019-11-12T11:16:01Z" finished-at="2019-11-12T11:16:16Z">
          <reporter-output>
          </reporter-output>
        </test-method> <!-- initialize -->
        <test-method status="PASS" signature="basePageNavigation()[pri:0, instance:com.mycompany.app.ValidateTitle@52bf72b5]" name="basePageNavigation" duration-ms="46" started-at="2019-11-12T11:16:16Z" finished-at="2019-11-12T11:16:16Z">
          <reporter-output>
          </reporter-output>
        </test-method> <!-- basePageNavigation -->
        <test-method status="PASS" signature="tearDown()[pri:0, instance:com.mycompany.app.ValidateTitle@52bf72b5]" name="tearDown" is-config="true" duration-ms="119" started-at="2019-11-12T11:16:16Z" finished-at="2019-11-12T11:16:16Z">
          <reporter-output>
          </reporter-output>
        </test-method> <!-- tearDown -->
      </class> <!-- com.mycompany.app.ValidateTitle -->
    </test> <!-- Default test -->
  </suite> <!-- Default suite -->
</testng-results>
